[2021-10-05T13:09:52.256] [DEBUG] cheese - login => username:zhangsan,password:12345
[2021-10-05T13:09:52.270] [DEBUG] cheese - zhangsan
[2021-10-05T13:09:52.312] [DEBUG] cheese - null
[2021-10-05T13:09:52.314] [DEBUG] cheese - null
[2021-10-05T13:10:30.087] [DEBUG] cheese - login => username:admin,password:123456
[2021-10-05T13:10:30.087] [DEBUG] cheese - admin
[2021-10-05T13:10:30.098] [DEBUG] cheese - null
[2021-10-05T13:10:30.098] [DEBUG] cheese - null
[2021-10-08T12:44:22.002] [DEBUG] cheese - login => username:admcs,password:ssssccc
[2021-10-08T12:44:22.011] [DEBUG] cheese - admcs
[2021-10-08T12:44:22.079] [DEBUG] cheese - null
[2021-10-08T12:44:22.080] [DEBUG] cheese - null
[2021-10-08T12:46:37.513] [DEBUG] cheese - login => username:qqweer,password:123456667
[2021-10-08T12:46:37.513] [DEBUG] cheese - qqweer
[2021-10-08T12:46:37.520] [DEBUG] cheese - null
[2021-10-08T12:46:37.520] [DEBUG] cheese - null
[2021-10-08T12:59:29.850] [DEBUG] cheese - login => username:admmm,password:1234567
[2021-10-08T12:59:29.852] [DEBUG] cheese - admmm
[2021-10-08T12:59:29.861] [DEBUG] cheese - null
[2021-10-08T12:59:29.861] [DEBUG] cheese - null
[2021-10-08T12:59:37.404] [DEBUG] cheese - login => username:admin,password:1234567
[2021-10-08T12:59:37.405] [DEBUG] cheese - admin
[2021-10-08T12:59:37.438] [DEBUG] cheese - null
[2021-10-08T12:59:37.438] [DEBUG] cheese - null
[2021-10-08T12:59:44.155] [DEBUG] cheese - login => username:admin,password:123456
[2021-10-08T12:59:44.155] [DEBUG] cheese - admin
[2021-10-08T12:59:44.159] [DEBUG] cheese - null
[2021-10-08T12:59:44.159] [DEBUG] cheese - null
[2021-10-08T12:59:46.088] [DEBUG] cheese - login => username:admin,password:123456
[2021-10-08T12:59:46.088] [DEBUG] cheese - admin
[2021-10-08T12:59:46.092] [DEBUG] cheese - null
[2021-10-08T12:59:46.092] [DEBUG] cheese - null
[2021-10-08T12:59:55.243] [DEBUG] cheese - login => username:admin,password:1234567
[2021-10-08T12:59:55.243] [DEBUG] cheese - admin
[2021-10-08T12:59:55.246] [DEBUG] cheese - null
[2021-10-08T12:59:55.246] [DEBUG] cheese - null
[2021-10-08T12:59:56.302] [DEBUG] cheese - login => username:admin,password:1234567
[2021-10-08T12:59:56.303] [DEBUG] cheese - admin
[2021-10-08T12:59:56.307] [DEBUG] cheese - null
[2021-10-08T12:59:56.307] [DEBUG] cheese - null
[2021-10-08T12:59:56.526] [DEBUG] cheese - login => username:admin,password:1234567
[2021-10-08T12:59:56.526] [DEBUG] cheese - admin
[2021-10-08T12:59:56.529] [DEBUG] cheese - null
[2021-10-08T12:59:56.529] [DEBUG] cheese - null
[2021-10-08T13:00:27.379] [DEBUG] cheese - login => username:admin,password:123456
[2021-10-08T13:00:27.380] [DEBUG] cheese - admin
[2021-10-08T13:00:27.382] [DEBUG] cheese - null
[2021-10-08T13:00:27.382] [DEBUG] cheese - null
[2021-10-08T13:00:28.751] [DEBUG] cheese - login => username:admin,password:123456
[2021-10-08T13:00:28.751] [DEBUG] cheese - admin
[2021-10-08T13:00:28.755] [DEBUG] cheese - null
[2021-10-08T13:00:28.755] [DEBUG] cheese - null
[2021-10-08T13:01:08.187] [DEBUG] cheese - login => username:admin,password:123456
[2021-10-08T13:01:08.187] [DEBUG] cheese - admin
[2021-10-08T13:01:08.191] [DEBUG] cheese - null
[2021-10-08T13:01:08.192] [DEBUG] cheese - null
[2021-10-08T13:02:03.389] [DEBUG] cheese - login => username:admin,password:123456
[2021-10-08T13:02:03.389] [DEBUG] cheese - admin
[2021-10-08T13:02:03.391] [DEBUG] cheese - null
[2021-10-08T13:02:03.391] [DEBUG] cheese - null
[2021-10-08T13:02:08.366] [DEBUG] cheese - login => username:adminc,password:123456
[2021-10-08T13:02:08.367] [DEBUG] cheese - adminc
[2021-10-08T13:02:08.370] [DEBUG] cheese - null
[2021-10-08T13:02:08.370] [DEBUG] cheese - null
[2021-10-08T13:39:33.146] [DEBUG] cheese - login => username:admmmc,password:123456
[2021-10-08T13:39:33.148] [DEBUG] cheese - admmmc
[2021-10-08T13:39:33.153] [DEBUG] cheese - null
[2021-10-08T13:39:33.153] [DEBUG] cheese - null
[2021-10-08T13:39:49.906] [DEBUG] cheese - login => username:admin,password:123456
[2021-10-08T13:39:49.906] [DEBUG] cheese - admin
[2021-10-08T13:39:49.911] [DEBUG] cheese - null
[2021-10-08T13:39:49.912] [DEBUG] cheese - null
[2021-10-08T13:51:16.913] [DEBUG] cheese - login => username:admin,password:123456
[2021-10-08T13:51:16.913] [DEBUG] cheese - admin
[2021-10-08T13:51:16.919] [DEBUG] cheese - null
[2021-10-08T13:51:16.919] [DEBUG] cheese - null
[2021-10-08T13:51:50.817] [DEBUG] cheese - login => username:admin,password:123456
[2021-10-08T13:51:50.817] [DEBUG] cheese - admin
[2021-10-08T13:51:50.820] [DEBUG] cheese - null
[2021-10-08T13:51:50.820] [DEBUG] cheese - null
[2021-10-08T13:52:21.040] [DEBUG] cheese - login => username:admin,password:123456
[2021-10-08T13:52:21.040] [DEBUG] cheese - admin
[2021-10-08T13:52:21.045] [DEBUG] cheese - null
[2021-10-08T13:52:21.045] [DEBUG] cheese - null
[2021-10-08T13:55:14.492] [DEBUG] cheese - login => username:admin,password:123456
[2021-10-08T13:55:14.492] [DEBUG] cheese - admin
[2021-10-08T13:55:14.495] [DEBUG] cheese - null
[2021-10-08T13:55:14.495] [DEBUG] cheese - null
[2021-10-08T13:55:24.029] [DEBUG] cheese - login => username:admin,password:123456
[2021-10-08T13:55:24.029] [DEBUG] cheese - admin
[2021-10-08T13:55:24.033] [DEBUG] cheese - null
[2021-10-08T13:55:24.033] [DEBUG] cheese - null
[2021-10-08T13:55:53.954] [DEBUG] cheese - login => username:admin,password:123456
[2021-10-08T13:55:53.955] [DEBUG] cheese - admin
[2021-10-08T13:55:53.959] [DEBUG] cheese - null
[2021-10-08T13:55:53.959] [DEBUG] cheese - null
[2021-10-08T14:03:51.284] [DEBUG] cheese - login => username:admin,password:123456
[2021-10-08T14:03:51.285] [DEBUG] cheese - admin
[2021-10-08T14:03:51.288] [DEBUG] cheese - null
[2021-10-08T14:03:51.288] [DEBUG] cheese - null
[2021-10-08T14:03:53.804] [DEBUG] cheese - login => username:admin,password:123456
[2021-10-08T14:03:53.804] [DEBUG] cheese - admin
[2021-10-08T14:03:53.808] [DEBUG] cheese - null
[2021-10-08T14:03:53.808] [DEBUG] cheese - null
[2021-10-08T14:04:39.372] [DEBUG] cheese - login => username:admin,password:123456
[2021-10-08T14:04:39.372] [DEBUG] cheese - admin
[2021-10-08T14:04:39.377] [DEBUG] cheese - null
[2021-10-08T14:04:39.377] [DEBUG] cheese - null
[2021-10-08T14:08:28.854] [DEBUG] cheese - login => username:admin,password:123456
[2021-10-08T14:08:28.854] [DEBUG] cheese - admin
[2021-10-08T14:08:28.858] [DEBUG] cheese - null
[2021-10-08T14:08:28.859] [DEBUG] cheese - null
[2021-10-08T14:14:58.157] [DEBUG] cheese - login => username:admin,password:123456
[2021-10-08T14:14:58.157] [DEBUG] cheese - admin
[2021-10-08T14:14:58.163] [DEBUG] cheese - null
[2021-10-08T14:14:58.163] [DEBUG] cheese - null
[2021-10-08T14:15:12.754] [DEBUG] cheese - login => username:admin,password:123456
[2021-10-08T14:15:12.754] [DEBUG] cheese - admin
[2021-10-08T14:15:12.758] [DEBUG] cheese - null
[2021-10-08T14:15:12.758] [DEBUG] cheese - null
[2021-10-08T14:17:35.746] [DEBUG] cheese - login => username:admin,password:123456
[2021-10-08T14:17:35.746] [DEBUG] cheese - admin
[2021-10-08T14:17:35.752] [DEBUG] cheese - null
[2021-10-08T14:17:35.752] [DEBUG] cheese - null
[2021-10-09T10:02:50.451] [DEBUG] cheese - login => username:admin,password:123456
[2021-10-09T10:02:50.454] [DEBUG] cheese - admin
[2021-10-09T10:02:50.504] [DEBUG] cheese - null
[2021-10-09T10:02:50.505] [DEBUG] cheese - null
[2021-10-09T10:06:27.803] [DEBUG] cheese - login => username:admin,password:123456
[2021-10-09T10:06:27.803] [DEBUG] cheese - admin
[2021-10-09T10:06:27.810] [DEBUG] cheese - null
[2021-10-09T10:06:27.811] [DEBUG] cheese - null
[2021-10-09T10:10:55.088] [DEBUG] cheese - login => username:admin,password:123456
[2021-10-09T10:10:55.088] [DEBUG] cheese - admin
[2021-10-09T10:10:55.103] [DEBUG] cheese - null
[2021-10-09T10:10:55.103] [DEBUG] cheese - null
[2021-10-09T10:11:25.513] [DEBUG] cheese - login => username:admin,password:123456
[2021-10-09T10:11:25.514] [DEBUG] cheese - admin
[2021-10-09T10:11:25.519] [DEBUG] cheese - null
[2021-10-09T10:11:25.519] [DEBUG] cheese - null
[2021-10-09T10:13:03.731] [DEBUG] cheese - login => username:admin,password:123456
[2021-10-09T10:13:03.731] [DEBUG] cheese - admin
[2021-10-09T10:13:03.738] [DEBUG] cheese - null
[2021-10-09T10:13:03.738] [DEBUG] cheese - null
[2021-10-09T12:36:30.885] [DEBUG] cheese - login => username:admin,password:123456
[2021-10-09T12:36:30.886] [DEBUG] cheese - admin
[2021-10-09T12:36:30.925] [DEBUG] cheese - null
[2021-10-09T12:36:30.927] [DEBUG] cheese - null
[2021-10-09T12:37:10.147] [DEBUG] cheese - login => username:admin,password:123456
[2021-10-09T12:37:10.147] [DEBUG] cheese - admin
[2021-10-09T12:37:10.152] [DEBUG] cheese - null
[2021-10-09T12:37:10.152] [DEBUG] cheese - null
[2021-10-09T12:37:20.731] [DEBUG] cheese - login => username:admin,password:123456
[2021-10-09T12:37:20.731] [DEBUG] cheese - admin
[2021-10-09T12:37:20.735] [DEBUG] cheese - null
[2021-10-09T12:37:20.736] [DEBUG] cheese - null
[2021-10-09T12:37:52.293] [DEBUG] cheese - login => username:admin,password:123456
[2021-10-09T12:37:52.293] [DEBUG] cheese - admin
[2021-10-09T12:37:52.301] [DEBUG] cheese - null
[2021-10-09T12:37:52.301] [DEBUG] cheese - null
[2021-10-09T13:27:44.827] [DEBUG] cheese - login => username:admin,password:123456
[2021-10-09T13:27:44.835] [DEBUG] cheese - admin
[2021-10-09T13:27:44.901] [DEBUG] cheese - null
[2021-10-09T13:27:44.902] [DEBUG] cheese - null
[2021-10-09T13:48:53.713] [DEBUG] cheese - login => username:admin,password:123456
[2021-10-09T13:48:53.714] [DEBUG] cheese - admin
[2021-10-09T13:48:53.725] [DEBUG] cheese - null
[2021-10-09T13:48:53.725] [DEBUG] cheese - null
[2021-10-10T11:51:15.202] [DEBUG] cheese - login => username:admin,password:123456
[2021-10-10T11:51:15.212] [DEBUG] cheese - admin
[2021-10-10T11:51:15.244] [DEBUG] cheese - null
[2021-10-10T11:51:15.245] [DEBUG] cheese - null
[2021-10-10T12:04:45.237] [DEBUG] cheese - login => username:admin,password:123456
[2021-10-10T12:04:45.238] [DEBUG] cheese - admin
[2021-10-10T12:04:45.249] [DEBUG] cheese - null
[2021-10-10T12:04:45.249] [DEBUG] cheese - null
[2021-10-10T12:05:14.042] [DEBUG] cheese - login => username:admin,password:123456
[2021-10-10T12:05:14.042] [DEBUG] cheese - admin
[2021-10-10T12:05:14.047] [DEBUG] cheese - null
[2021-10-10T12:05:14.047] [DEBUG] cheese - null
[2021-10-10T12:07:41.096] [DEBUG] cheese - login => username:admin,password:123456
[2021-10-10T12:07:41.096] [DEBUG] cheese - admin
[2021-10-10T12:07:41.100] [DEBUG] cheese - null
[2021-10-10T12:07:41.100] [DEBUG] cheese - null
[2021-10-10T12:26:21.389] [DEBUG] cheese - login => username:admin,password:123456
[2021-10-10T12:26:21.390] [DEBUG] cheese - admin
[2021-10-10T12:26:21.439] [DEBUG] cheese - null
[2021-10-10T12:26:21.440] [DEBUG] cheese - null
[2021-10-10T12:42:50.226] [DEBUG] cheese - login => username:admin,password:123456
[2021-10-10T12:42:50.226] [DEBUG] cheese - admin
[2021-10-10T12:42:50.233] [DEBUG] cheese - null
[2021-10-10T12:42:50.233] [DEBUG] cheese - null
[2021-10-10T13:45:04.811] [DEBUG] cheese - login => username:admin,password:123456
[2021-10-10T13:45:04.815] [DEBUG] cheese - admin
[2021-10-10T13:45:04.887] [DEBUG] cheese - null
[2021-10-10T13:45:04.888] [DEBUG] cheese - null
[2021-10-12T10:14:33.332] [DEBUG] cheese - login => username:admin,password:123456
[2021-10-12T10:14:33.334] [DEBUG] cheese - admin
[2021-10-12T10:14:33.394] [DEBUG] cheese - null
[2021-10-12T10:14:33.395] [DEBUG] cheese - null
[2021-10-12T10:15:00.646] [DEBUG] cheese - login => username:admin,password:123456
[2021-10-12T10:15:00.646] [DEBUG] cheese - admin
[2021-10-12T10:15:00.651] [DEBUG] cheese - null
[2021-10-12T10:15:00.651] [DEBUG] cheese - null
[2021-10-12T10:47:07.150] [DEBUG] cheese - login => username:admin,password:123456
[2021-10-12T10:47:07.152] [DEBUG] cheese - admin
[2021-10-12T10:47:07.178] [DEBUG] cheese - null
[2021-10-12T10:47:07.178] [DEBUG] cheese - null
[2021-10-13T10:34:11.041] [DEBUG] cheese - login => username:admin,password:123456
[2021-10-13T10:34:11.048] [DEBUG] cheese - admin
[2021-10-13T10:34:11.084] [DEBUG] cheese - null
[2021-10-13T10:34:11.085] [DEBUG] cheese - null
[2021-10-13T10:35:10.195] [DEBUG] cheese - login => username:admin,password:123456
[2021-10-13T10:35:10.195] [DEBUG] cheese - admin
[2021-10-13T10:35:10.200] [DEBUG] cheese - null
[2021-10-13T10:35:10.200] [DEBUG] cheese - null
[2021-10-13T10:36:13.593] [DEBUG] cheese - login => username:admin,password:123456
[2021-10-13T10:36:13.593] [DEBUG] cheese - admin
[2021-10-13T10:36:13.595] [DEBUG] cheese - null
[2021-10-13T10:36:13.595] [DEBUG] cheese - null
[2021-10-13T10:36:15.668] [DEBUG] cheese - login => username:admin,password:123456
[2021-10-13T10:36:15.668] [DEBUG] cheese - admin
[2021-10-13T10:36:15.673] [DEBUG] cheese - null
[2021-10-13T10:36:15.673] [DEBUG] cheese - null
[2021-10-13T10:36:19.706] [DEBUG] cheese - login => username:admin,password:123456
[2021-10-13T10:36:19.707] [DEBUG] cheese - admin
[2021-10-13T10:36:19.710] [DEBUG] cheese - null
[2021-10-13T10:36:19.710] [DEBUG] cheese - null
[2021-10-13T10:37:14.956] [DEBUG] cheese - login => username:admin,password:123456
[2021-10-13T10:37:14.957] [DEBUG] cheese - admin
[2021-10-13T10:37:14.962] [DEBUG] cheese - null
[2021-10-13T10:37:14.962] [DEBUG] cheese - null
[2021-10-14T10:44:57.526] [DEBUG] cheese - login => username:admin,password:123456
[2021-10-14T10:44:57.533] [DEBUG] cheese - admin
[2021-10-14T10:44:57.564] [DEBUG] cheese - null
[2021-10-14T10:44:57.565] [DEBUG] cheese - null
[2021-10-15T17:24:35.217] [DEBUG] cheese - login => username:admin,password:123456
[2021-10-15T17:24:35.223] [DEBUG] cheese - admin
[2021-10-15T17:24:35.264] [DEBUG] cheese - null
[2021-10-15T17:24:35.265] [DEBUG] cheese - null
[2021-10-16T17:28:08.061] [DEBUG] cheese - login => username:admin,password:123456
[2021-10-16T17:28:08.066] [DEBUG] cheese - admin
[2021-10-16T17:28:08.081] [DEBUG] cheese - null
[2021-10-16T17:28:08.081] [DEBUG] cheese - null
[2021-10-18T15:20:55.195] [DEBUG] cheese - login => username:admin,password:123456
[2021-10-18T15:20:55.200] [DEBUG] cheese - admin
[2021-10-18T15:20:55.217] [DEBUG] cheese - null
[2021-10-18T15:20:55.219] [DEBUG] cheese - null
[2021-10-18T16:01:13.445] [DEBUG] cheese - null
[2021-10-18T16:03:24.165] [DEBUG] cheese - null
[2021-10-18T16:05:56.529] [DEBUG] cheese - null
[2021-10-18T16:08:45.439] [DEBUG] cheese - null
[2021-10-18T16:13:10.191] [DEBUG] cheese - null
[2021-10-18T16:16:56.852] [DEBUG] cheese - null
[2021-10-18T16:17:54.054] [DEBUG] cheese - null
[2021-10-18T16:19:22.584] [DEBUG] cheese - null
[2021-10-18T16:19:44.393] [DEBUG] cheese - null
[2021-10-18T16:20:35.185] [DEBUG] cheese - null
[2021-10-18T16:24:57.096] [DEBUG] cheese - null
[2021-10-18T16:31:31.875] [DEBUG] cheese - null
[2021-10-18T17:05:16.268] [DEBUG] cheese - null
[2021-10-18T17:20:38.659] [DEBUG] cheese - null
[2021-10-18T17:21:01.973] [DEBUG] cheese - null
[2021-10-18T17:21:29.122] [DEBUG] cheese - null
[2021-10-18T17:32:36.437] [DEBUG] cheese - null
[2021-10-18T17:48:32.426] [DEBUG] cheese - null
[2021-10-18T17:48:41.728] [DEBUG] cheese - null
[2021-10-18T17:49:42.430] [DEBUG] cheese - null
[2021-10-18T18:04:11.108] [DEBUG] cheese - null
[2021-10-18T18:22:02.774] [DEBUG] cheese - null
[2021-10-18T18:37:32.008] [DEBUG] cheese - null
[2021-10-18T18:43:26.894] [DEBUG] cheese - null
[2021-10-18T18:45:27.002] [DEBUG] cheese - null
[2021-10-18T18:45:38.605] [DEBUG] cheese - null
[2021-10-18T18:46:18.239] [DEBUG] cheese - null
[2021-10-18T18:46:25.216] [DEBUG] cheese - null
[2021-10-18T18:46:30.694] [DEBUG] cheese - null
[2021-10-18T18:46:56.341] [DEBUG] cheese - null
[2021-10-18T18:48:18.119] [DEBUG] cheese - null
[2021-10-18T19:32:43.645] [DEBUG] cheese - null
[2021-10-18T19:33:25.367] [DEBUG] cheese - null
[2021-10-20T09:58:40.685] [DEBUG] cheese - login => username:admin,password:123456
[2021-10-20T09:58:40.687] [DEBUG] cheese - admin
[2021-10-20T09:58:40.720] [DEBUG] cheese - null
[2021-10-20T09:58:40.721] [DEBUG] cheese - null
[2021-10-20T10:31:21.016] [DEBUG] cheese - login => username:admin,password:123456
[2021-10-20T10:31:21.019] [DEBUG] cheese - admin
[2021-10-20T10:31:21.028] [DEBUG] cheese - null
[2021-10-20T10:31:21.029] [DEBUG] cheese - null
[2022-03-19T18:37:04.240] [DEBUG] cheese - login => username:admin,password:123456
[2022-03-19T18:37:04.245] [DEBUG] cheese - admin
[2022-03-19T18:37:04.282] [DEBUG] cheese - null
[2022-03-19T18:37:04.283] [DEBUG] cheese - null
[2022-05-10T18:46:22.606] [DEBUG] cheese - login => username:admin,password:123456
[2022-05-10T18:46:22.608] [DEBUG] cheese - admin
[2022-05-10T18:46:22.630] [DEBUG] cheese - null
[2022-05-10T18:46:22.631] [DEBUG] cheese - null
[2022-05-10T18:46:42.688] [DEBUG] cheese - login => username:admin,password:123456
[2022-05-10T18:46:42.689] [DEBUG] cheese - admin
[2022-05-10T18:46:42.692] [DEBUG] cheese - null
[2022-05-10T18:46:42.692] [DEBUG] cheese - null
[2022-05-11T11:00:01.590] [DEBUG] cheese - login => username:admin,password:123456
[2022-05-11T11:00:01.612] [DEBUG] cheese - admin
[2022-05-11T11:00:01.647] [DEBUG] cheese - null
[2022-05-11T11:00:01.648] [DEBUG] cheese - null
[2022-05-14T10:08:51.411] [DEBUG] cheese - login => username:admin,password:123456
[2022-05-14T10:08:51.412] [DEBUG] cheese - admin
[2022-05-14T10:08:51.485] [DEBUG] cheese - null
[2022-05-14T10:08:51.486] [DEBUG] cheese - null
[2022-05-14T10:09:48.663] [DEBUG] cheese - login => username:admin,password:123456
[2022-05-14T10:09:48.663] [DEBUG] cheese - admin
[2022-05-14T10:09:48.671] [DEBUG] cheese - null
[2022-05-14T10:09:48.672] [DEBUG] cheese - null
[2022-05-14T10:12:38.054] [DEBUG] cheese - login => username:admin,password:123456
[2022-05-14T10:12:38.054] [DEBUG] cheese - admin
[2022-05-14T10:12:38.060] [DEBUG] cheese - null
[2022-05-14T10:12:38.061] [DEBUG] cheese - null
[2022-05-14T10:12:42.545] [DEBUG] cheese - login => username:admi,password:123456
[2022-05-14T10:12:42.547] [DEBUG] cheese - admi
[2022-05-14T10:12:42.557] [DEBUG] cheese - null
[2022-05-14T10:12:42.557] [DEBUG] cheese - null
[2022-05-14T10:13:13.477] [DEBUG] cheese - login => username:admin,password:123456
[2022-05-14T10:13:13.477] [DEBUG] cheese - admin
[2022-05-14T10:13:13.481] [DEBUG] cheese - null
[2022-05-14T10:13:13.481] [DEBUG] cheese - null
[2022-05-14T10:24:55.407] [DEBUG] cheese - login => username:admin,password:123456
[2022-05-14T10:24:55.408] [DEBUG] cheese - admin
[2022-05-14T10:24:55.416] [DEBUG] cheese - null
[2022-05-14T10:24:55.416] [DEBUG] cheese - null
[2022-05-14T10:25:00.356] [DEBUG] cheese - login => username:admincc,password:123456
[2022-05-14T10:25:00.356] [DEBUG] cheese - admincc
[2022-05-14T10:25:00.360] [DEBUG] cheese - null
[2022-05-14T10:25:00.361] [DEBUG] cheese - null
[2022-05-14T10:35:44.807] [DEBUG] cheese - login => username:admin,password:123456
[2022-05-14T10:35:44.807] [DEBUG] cheese - admin
[2022-05-14T10:35:44.814] [DEBUG] cheese - null
[2022-05-14T10:35:44.815] [DEBUG] cheese - null
[2022-05-14T10:36:42.284] [DEBUG] cheese - login => username:admin,password:123456
[2022-05-14T10:36:42.285] [DEBUG] cheese - admin
[2022-05-14T10:36:42.289] [DEBUG] cheese - null
[2022-05-14T10:36:42.289] [DEBUG] cheese - null
[2022-05-14T10:37:08.459] [DEBUG] cheese - login => username:admin,password:123456
[2022-05-14T10:37:08.459] [DEBUG] cheese - admin
[2022-05-14T10:37:08.464] [DEBUG] cheese - null
[2022-05-14T10:37:08.464] [DEBUG] cheese - null
[2022-05-14T10:41:14.623] [DEBUG] cheese - login => username:admin,password:123456
[2022-05-14T10:41:14.623] [DEBUG] cheese - admin
[2022-05-14T10:41:14.628] [DEBUG] cheese - null
[2022-05-14T10:41:14.628] [DEBUG] cheese - null
[2022-05-14T11:16:13.966] [DEBUG] cheese - login => username:admin,password:123456
[2022-05-14T11:16:13.970] [DEBUG] cheese - admin
[2022-05-14T11:16:13.998] [DEBUG] cheese - null
[2022-05-14T11:16:13.999] [DEBUG] cheese - null
[2022-05-14T11:18:18.296] [DEBUG] cheese - login => username:admin,password:123456
[2022-05-14T11:18:18.297] [DEBUG] cheese - admin
[2022-05-14T11:18:18.301] [DEBUG] cheese - null
[2022-05-14T11:18:18.302] [DEBUG] cheese - null
[2022-05-14T11:19:18.789] [DEBUG] cheese - login => username:admin,password:123456
[2022-05-14T11:19:18.789] [DEBUG] cheese - admin
[2022-05-14T11:19:18.793] [DEBUG] cheese - null
[2022-05-14T11:19:18.793] [DEBUG] cheese - null
[2022-05-14T11:19:38.776] [DEBUG] cheese - login => username:admin,password:123456
[2022-05-14T11:19:38.777] [DEBUG] cheese - admin
[2022-05-14T11:19:38.780] [DEBUG] cheese - null
[2022-05-14T11:19:38.781] [DEBUG] cheese - null
[2022-05-14T11:21:12.470] [DEBUG] cheese - login => username:admin,password:123456
[2022-05-14T11:21:12.470] [DEBUG] cheese - admin
[2022-05-14T11:21:12.477] [DEBUG] cheese - null
[2022-05-14T11:21:12.477] [DEBUG] cheese - null
[2022-05-14T11:25:13.615] [DEBUG] cheese - login => username:admin,password:123456
[2022-05-14T11:25:13.616] [DEBUG] cheese - admin
[2022-05-14T11:25:13.620] [DEBUG] cheese - null
[2022-05-14T11:25:13.621] [DEBUG] cheese - null
[2022-05-14T12:19:59.983] [DEBUG] cheese - login => username:admin,password:123456
[2022-05-14T12:19:59.985] [DEBUG] cheese - admin
[2022-05-14T12:19:59.997] [DEBUG] cheese - null
[2022-05-14T12:19:59.997] [DEBUG] cheese - null
[2022-05-14T12:20:05.102] [DEBUG] cheese - login => username:admin,password:123456
[2022-05-14T12:20:05.102] [DEBUG] cheese - admin
[2022-05-14T12:20:05.106] [DEBUG] cheese - null
[2022-05-14T12:20:05.106] [DEBUG] cheese - null
[2022-05-14T14:13:26.560] [DEBUG] cheese - login => username:admin,password:123456
[2022-05-14T14:13:26.562] [DEBUG] cheese - admin
[2022-05-14T14:13:26.595] [DEBUG] cheese - null
[2022-05-14T14:13:26.595] [DEBUG] cheese - null
[2022-05-14T14:36:05.076] [DEBUG] cheese - login => username:admin,password:123456
[2022-05-14T14:36:05.077] [DEBUG] cheese - admin
[2022-05-14T14:36:05.084] [DEBUG] cheese - null
[2022-05-14T14:36:05.084] [DEBUG] cheese - null
[2022-05-14T14:43:43.640] [DEBUG] cheese - login => username:admin,password:123456
[2022-05-14T14:43:43.640] [DEBUG] cheese - admin
[2022-05-14T14:43:43.667] [DEBUG] cheese - null
[2022-05-14T14:43:43.667] [DEBUG] cheese - null
[2022-05-14T14:48:10.216] [DEBUG] cheese - login => username:admin,password:123456
[2022-05-14T14:48:10.216] [DEBUG] cheese - admin
[2022-05-14T14:48:10.223] [DEBUG] cheese - null
[2022-05-14T14:48:10.223] [DEBUG] cheese - null
[2022-05-14T14:48:47.032] [DEBUG] cheese - login => username:admin,password:123456
[2022-05-14T14:48:47.032] [DEBUG] cheese - admin
[2022-05-14T14:48:47.044] [DEBUG] cheese - null
[2022-05-14T14:48:47.044] [DEBUG] cheese - null
[2022-05-14T14:49:27.543] [DEBUG] cheese - login => username:admin,password:123456
[2022-05-14T14:49:27.543] [DEBUG] cheese - admin
[2022-05-14T14:49:27.548] [DEBUG] cheese - null
[2022-05-14T14:49:27.549] [DEBUG] cheese - null
[2022-05-14T14:51:49.611] [DEBUG] cheese - login => username:admin,password:123456
[2022-05-14T14:51:49.611] [DEBUG] cheese - admin
[2022-05-14T14:51:49.617] [DEBUG] cheese - null
[2022-05-14T14:51:49.617] [DEBUG] cheese - null
[2022-05-14T16:25:22.027] [DEBUG] cheese - login => username:admin,password:123456
[2022-05-14T16:25:22.033] [DEBUG] cheese - admin
[2022-05-14T16:25:22.049] [DEBUG] cheese - null
[2022-05-14T16:25:22.049] [DEBUG] cheese - null
[2022-05-14T22:30:09.408] [DEBUG] cheese - login => username:admin,password:123456
[2022-05-14T22:30:09.411] [DEBUG] cheese - admin
[2022-05-14T22:30:09.436] [DEBUG] cheese - null
[2022-05-14T22:30:09.436] [DEBUG] cheese - null
[2022-05-14T22:36:19.984] [DEBUG] cheese - login => username:admin,password:123456
[2022-05-14T22:36:19.984] [DEBUG] cheese - admin
[2022-05-14T22:36:19.988] [DEBUG] cheese - null
[2022-05-14T22:36:19.988] [DEBUG] cheese - null
[2022-05-14T22:37:54.439] [DEBUG] cheese - login => username:admin,password:123456
[2022-05-14T22:37:54.439] [DEBUG] cheese - admin
[2022-05-14T22:37:54.443] [DEBUG] cheese - null
[2022-05-14T22:37:54.443] [DEBUG] cheese - null
[2022-05-14T22:41:10.552] [DEBUG] cheese - login => username:admin,password:123456
[2022-05-14T22:41:10.552] [DEBUG] cheese - admin
[2022-05-14T22:41:10.555] [DEBUG] cheese - null
[2022-05-14T22:41:10.555] [DEBUG] cheese - null
[2022-05-14T22:42:50.665] [DEBUG] cheese - login => username:admin,password:123456
[2022-05-14T22:42:50.666] [DEBUG] cheese - admin
[2022-05-14T22:42:50.669] [DEBUG] cheese - null
[2022-05-14T22:42:50.669] [DEBUG] cheese - null
[2022-05-14T22:43:09.099] [DEBUG] cheese - login => username:admin,password:123456
[2022-05-14T22:43:09.099] [DEBUG] cheese - admin
[2022-05-14T22:43:09.104] [DEBUG] cheese - null
[2022-05-14T22:43:09.104] [DEBUG] cheese - null
[2022-05-16T08:54:12.606] [DEBUG] cheese - login => username:admin,password:123456
[2022-05-16T08:54:12.610] [DEBUG] cheese - admin
[2022-05-16T08:54:12.633] [DEBUG] cheese - null
[2022-05-16T08:54:12.635] [DEBUG] cheese - null
[2022-05-16T09:50:57.672] [DEBUG] cheese - login => username:admin,password:123456
[2022-05-16T09:50:57.679] [DEBUG] cheese - admin
[2022-05-16T09:50:57.717] [DEBUG] cheese - null
[2022-05-16T09:50:57.719] [DEBUG] cheese - null
[2022-05-16T11:18:19.800] [DEBUG] cheese - login => username:admin,password:123456
[2022-05-16T11:18:19.806] [DEBUG] cheese - admin
[2022-05-16T11:18:19.828] [DEBUG] cheese - null
[2022-05-16T11:18:19.829] [DEBUG] cheese - null
[2022-05-16T15:11:13.114] [DEBUG] cheese - login => username:admin,password:123456
[2022-05-16T15:11:13.122] [DEBUG] cheese - admin
[2022-05-16T15:11:13.155] [DEBUG] cheese - null
[2022-05-16T15:11:13.156] [DEBUG] cheese - null
[2022-05-16T15:30:26.920] [DEBUG] cheese - login => username:admin,password:123456
[2022-05-16T15:30:26.921] [DEBUG] cheese - admin
[2022-05-16T15:30:26.926] [DEBUG] cheese - null
[2022-05-16T15:30:26.926] [DEBUG] cheese - null
[2022-05-16T16:43:37.642] [DEBUG] cheese - login => username:admin,password:123456
[2022-05-16T16:43:37.648] [DEBUG] cheese - admin
[2022-05-16T16:43:37.675] [DEBUG] cheese - null
[2022-05-16T16:43:37.681] [DEBUG] cheese - null
[2022-05-16T17:11:45.726] [DEBUG] cheese - login => username:admin,password:123456
[2022-05-16T17:11:45.727] [DEBUG] cheese - admin
[2022-05-16T17:11:45.736] [DEBUG] cheese - null
[2022-05-16T17:11:45.737] [DEBUG] cheese - null
[2022-05-18T07:44:03.510] [DEBUG] cheese - login => username:admin,password:123456
[2022-05-18T07:44:03.517] [DEBUG] cheese - admin
[2022-05-18T07:44:03.561] [DEBUG] cheese - null
[2022-05-18T07:44:03.562] [DEBUG] cheese - null
[2022-05-18T07:49:56.578] [DEBUG] cheese - login => username:admin,password:123456
[2022-05-18T07:49:56.579] [DEBUG] cheese - admin
[2022-05-18T07:49:56.582] [DEBUG] cheese - null
[2022-05-18T07:49:56.582] [DEBUG] cheese - null
[2022-05-18T13:38:45.739] [DEBUG] cheese - null
[2022-05-18T13:42:25.994] [DEBUG] cheese - null
[2022-05-18T13:43:05.117] [DEBUG] cheese - null
[2022-05-18T13:44:16.943] [DEBUG] cheese - null
[2022-05-18T13:51:16.093] [DEBUG] cheese - null
[2022-05-18T13:54:10.673] [DEBUG] cheese - null
[2022-05-18T14:58:12.250] [DEBUG] cheese - login => username:admin,password:123456
[2022-05-18T14:58:12.250] [DEBUG] cheese - admin
[2022-05-18T14:58:12.259] [DEBUG] cheese - null
[2022-05-18T14:58:12.259] [DEBUG] cheese - null
[2022-05-18T16:00:00.700] [DEBUG] cheese - login => username:admin,password:123456
[2022-05-18T16:00:00.705] [DEBUG] cheese - admin
[2022-05-18T16:00:00.710] [DEBUG] cheese - null
[2022-05-18T16:00:00.710] [DEBUG] cheese - null
[2022-05-18T17:08:04.808] [DEBUG] cheese - login => username:admin,password:123456
[2022-05-18T17:08:04.814] [DEBUG] cheese - admin
[2022-05-18T17:08:04.823] [DEBUG] cheese - null
[2022-05-18T17:08:04.824] [DEBUG] cheese - null
[2022-05-18T17:12:47.799] [DEBUG] cheese - login => username:admin,password:123456
[2022-05-18T17:12:47.800] [DEBUG] cheese - admin
[2022-05-18T17:12:47.803] [DEBUG] cheese - null
[2022-05-18T17:12:47.803] [DEBUG] cheese - null
[2022-05-18T17:31:29.027] [DEBUG] cheese - login => username:admin,password:123456
[2022-05-18T17:31:29.028] [DEBUG] cheese - admin
[2022-05-18T17:31:29.034] [DEBUG] cheese - null
[2022-05-18T17:31:29.034] [DEBUG] cheese - null
[2022-05-18T18:32:49.622] [DEBUG] cheese - login => username:admin,password:123456
[2022-05-18T18:32:49.627] [DEBUG] cheese - admin
[2022-05-18T18:32:49.637] [DEBUG] cheese - null
[2022-05-18T18:32:49.638] [DEBUG] cheese - null
[2022-05-19T14:03:13.355] [DEBUG] cheese - login => username:admin,password:123456
[2022-05-19T14:03:13.359] [DEBUG] cheese - admin
[2022-05-19T14:03:13.367] [DEBUG] cheese - null
[2022-05-19T14:03:13.369] [DEBUG] cheese - null
[2022-05-20T14:10:47.096] [DEBUG] cheese - login => username:admin,password:123456
[2022-05-20T14:10:47.101] [DEBUG] cheese - admin
[2022-05-20T14:10:47.113] [DEBUG] cheese - null
[2022-05-20T14:10:47.116] [DEBUG] cheese - null
[2022-05-20T15:05:36.666] [DEBUG] cheese - login => username:admin,password:123456
[2022-05-20T15:05:36.672] [DEBUG] cheese - admin
[2022-05-20T15:05:36.685] [DEBUG] cheese - null
[2022-05-20T15:05:36.686] [DEBUG] cheese - null
[2022-05-20T16:18:13.796] [DEBUG] cheese - login => username:admin,password:123456
[2022-05-20T16:18:13.798] [DEBUG] cheese - admin
[2022-05-20T16:18:13.809] [DEBUG] cheese - null
[2022-05-20T16:18:13.810] [DEBUG] cheese - null
[2022-05-20T16:33:48.052] [DEBUG] cheese - login => username:admin,password:123456
[2022-05-20T16:33:48.055] [DEBUG] cheese - admin
[2022-05-20T16:33:48.063] [DEBUG] cheese - null
[2022-05-20T16:33:48.064] [DEBUG] cheese - null
[2022-05-20T16:36:17.580] [DEBUG] cheese - login => username:admin,password:123456
[2022-05-20T16:36:17.581] [DEBUG] cheese - admin
[2022-05-20T16:36:17.586] [DEBUG] cheese - null
[2022-05-20T16:36:17.586] [DEBUG] cheese - null
[2022-05-20T16:48:47.176] [DEBUG] cheese - login => username:admin,password:123456
[2022-05-20T16:48:47.179] [DEBUG] cheese - admin
[2022-05-20T16:48:47.185] [DEBUG] cheese - null
[2022-05-20T16:48:47.185] [DEBUG] cheese - null
[2022-05-20T17:41:30.886] [DEBUG] cheese - login => username:admin,password:123456
[2022-05-20T17:41:30.892] [DEBUG] cheese - admin
[2022-05-20T17:41:30.903] [DEBUG] cheese - null
[2022-05-20T17:41:30.905] [DEBUG] cheese - null
[2022-05-20T20:58:06.809] [DEBUG] cheese - login => username:admin,password:123456
[2022-05-20T20:58:06.815] [DEBUG] cheese - admin
[2022-05-20T20:58:06.825] [DEBUG] cheese - null
[2022-05-20T20:58:06.827] [DEBUG] cheese - null
[2022-05-20T21:00:55.139] [DEBUG] cheese - null
[2022-05-20T21:04:21.611] [DEBUG] cheese - login => username:admin,password:123456
[2022-05-20T21:04:21.613] [DEBUG] cheese - admin
[2022-05-20T21:04:21.625] [DEBUG] cheese - null
[2022-05-20T21:04:21.626] [DEBUG] cheese - null
[2022-05-21T08:09:51.368] [DEBUG] cheese - login => username:admin,password:123456
[2022-05-21T08:09:51.380] [DEBUG] cheese - admin
[2022-05-21T08:09:51.398] [DEBUG] cheese - null
[2022-05-21T08:09:51.401] [DEBUG] cheese - null
[2022-05-21T14:16:42.978] [DEBUG] cheese - login => username:admin,password:123456
[2022-05-21T14:16:42.982] [DEBUG] cheese - admin
[2022-05-21T14:16:42.994] [DEBUG] cheese - null
[2022-05-21T14:16:42.995] [DEBUG] cheese - null
[2022-05-21T15:25:49.863] [DEBUG] cheese - login => username:admin,password:123456
[2022-05-21T15:25:49.869] [DEBUG] cheese - admin
[2022-05-21T15:25:49.888] [DEBUG] cheese - null
[2022-05-21T15:25:49.889] [DEBUG] cheese - null
[2022-05-23T08:06:38.662] [DEBUG] cheese - login => username:admin,password:123456
[2022-05-23T08:06:38.668] [DEBUG] cheese - admin
[2022-05-23T08:06:38.735] [DEBUG] cheese - null
[2022-05-23T08:06:38.736] [DEBUG] cheese - null
[2022-05-23T08:09:52.527] [DEBUG] cheese - login => username:admin,password:123456
[2022-05-23T08:09:52.527] [DEBUG] cheese - admin
[2022-05-23T08:09:52.531] [DEBUG] cheese - null
[2022-05-23T08:09:52.531] [DEBUG] cheese - null
